mixed_pos_and_neg
(4, 2)
line: [0, 1, 1], 0, [1, 0, 0], 1, [0, 1, 0], 1, [1, 1, 0], 1, [1, 1, 1], 0, [1, 0, 1], 1, [0, 0, 1],1

new_line:  [ 0, 1, 1]: False, [ 1, 0, 0]: True, [ 0, 1, 0]: True, [ 1, 1, 0]: True, [ 1, 1, 1]: False, [ 1, 0, 1]: True, [ 0, 0, 1]: True

line: [0, 0, 1], 1, [1, 1, 1], 0, [0, 0, 0], 1, [1, 0, 1], 0, [0, 1, 0], 1, [0, 1, 1], 1, [1, 0, 0],0

new_line:  [ 0, 0, 1]: True, [ 1, 1, 1]: False, [ 0, 0, 0]: True, [ 1, 0, 1]: False, [ 0, 1, 0]: True, [ 0, 1, 1]: True, [ 1, 0, 0]: False

line: [1, 1, 1], 1, [0, 0, 1], 1, [1, 1, 0], 0, [0, 1, 1], 1, [1, 0, 1], 1, [0, 1, 0], 0, [0, 0, 0],0

new_line:  [ 1, 1, 1]: True, [ 0, 0, 1]: True, [ 1, 1, 0]: False, [ 0, 1, 1]: True, [ 1, 0, 1]: True, [ 0, 1, 0]: False, [ 0, 0, 0]: False

line: [1, 0, 0], 1, [1, 0, 1], 1, [0, 0, 0], 0, [0, 0, 1], 0, [1, 1, 1], 1, [1, 1, 0], 1, [0, 1, 0],0

new_line:  [ 1, 0, 0]: True, [ 1, 0, 1]: True, [ 0, 0, 0]: False, [ 0, 0, 1]: False, [ 1, 1, 1]: True, [ 1, 1, 0]: True, [ 0, 1, 0]: False

line: [1, 1, 1], 0, [0, 0, 1], 1, [0, 1, 0], 1, [1, 0, 1], 0, [0, 1, 1], 1, [0, 0, 0], 1, [1, 1, 0],0

new_line:  [ 1, 1, 1]: False, [ 0, 0, 1]: True, [ 0, 1, 0]: True, [ 1, 0, 1]: False, [ 0, 1, 1]: True, [ 0, 0, 0]: True, [ 1, 1, 0]: False

line: [0, 1, 0], 1, [1, 1, 0], 1, [0, 0, 1], 1, [1, 1, 1], 1, [0, 0, 0], 0, [1, 0, 1], 0, [0, 1, 1],1

new_line:  [ 0, 1, 0]: True, [ 1, 1, 0]: True, [ 0, 0, 1]: True, [ 1, 1, 1]: True, [ 0, 0, 0]: False, [ 1, 0, 1]: False, [ 0, 1, 1]: True

line: [1, 0, 1], 1, [0, 1, 0], 0, [1, 0, 0], 1, [1, 1, 1], 1, [0, 0, 0], 0, [1, 1, 0], 1, [0, 1, 1],0

new_line:  [ 1, 0, 1]: True, [ 0, 1, 0]: False, [ 1, 0, 0]: True, [ 1, 1, 1]: True, [ 0, 0, 0]: False, [ 1, 1, 0]: True, [ 0, 1, 1]: False

line: [0, 1, 0], 0, [1, 1, 1], 0, [0, 1, 1], 0, [0, 0, 1], 1, [0, 0, 0], 1, [1, 1, 0], 0, [1, 0, 0],0

new_line:  [ 0, 1, 0]: False, [ 1, 1, 1]: False, [ 0, 1, 1]: False, [ 0, 0, 1]: True, [ 0, 0, 0]: True, [ 1, 1, 0]: False, [ 1, 0, 0]: False

line: [1, 0, 0], 0, [1, 1, 1], 1, [1, 0, 1], 1, [0, 0, 0], 0, [0, 0, 1], 1, [0, 1, 1], 1, [0, 1, 0],0

new_line:  [ 1, 0, 0]: False, [ 1, 1, 1]: True, [ 1, 0, 1]: True, [ 0, 0, 0]: False, [ 0, 0, 1]: True, [ 0, 1, 1]: True, [ 0, 1, 0]: False

line: [0, 0, 1], 0, [0, 0, 0], 1, [1, 0, 0], 1, [1, 1, 0], 1, [0, 1, 0], 1, [1, 0, 1], 0, [0, 1, 1],0

new_line:  [ 0, 0, 1]: False, [ 0, 0, 0]: True, [ 1, 0, 0]: True, [ 1, 1, 0]: True, [ 0, 1, 0]: True, [ 1, 0, 1]: False, [ 0, 1, 1]: False

line: [1, 0, 1], 1, [1, 1, 1], 1, [0, 0, 0], 0, [1, 0, 0], 1, [1, 1, 0], 1, [0, 1, 1], 0, [0, 1, 0],0

new_line:  [ 1, 0, 1]: True, [ 1, 1, 1]: True, [ 0, 0, 0]: False, [ 1, 0, 0]: True, [ 1, 1, 0]: True, [ 0, 1, 1]: False, [ 0, 1, 0]: False

line: [1, 0, 0], 0, [0, 0, 0], 1, [0, 0, 1], 0, [1, 0, 1], 0, [1, 1, 1], 0, [0, 1, 0], 1, [1, 1, 0],0

new_line:  [ 1, 0, 0]: False, [ 0, 0, 0]: True, [ 0, 0, 1]: False, [ 1, 0, 1]: False, [ 1, 1, 1]: False, [ 0, 1, 0]: True, [ 1, 1, 0]: False

line: [1, 1, 1], 0, [0, 0, 1], 1, [1, 0, 1], 1, [0, 1, 0], 1, [1, 0, 0], 1, [0, 1, 1], 0, [0, 0, 0],1

new_line:  [ 1, 1, 1]: False, [ 0, 0, 1]: True, [ 1, 0, 1]: True, [ 0, 1, 0]: True, [ 1, 0, 0]: True, [ 0, 1, 1]: False, [ 0, 0, 0]: True

line: [1, 0, 1], 1, [0, 0, 1], 1, [0, 1, 1], 0, [1, 1, 0], 0, [0, 0, 0], 1, [1, 0, 0], 1, [1, 1, 1],0

new_line:  [ 1, 0, 1]: True, [ 0, 0, 1]: True, [ 0, 1, 1]: False, [ 1, 1, 0]: False, [ 0, 0, 0]: True, [ 1, 0, 0]: True, [ 1, 1, 1]: False

line: [1, 0, 1], 1, [1, 0, 0], 1, [0, 1, 0], 0, [0, 0, 0], 1, [1, 1, 0], 0, [0, 0, 1], 1, [0, 1, 1],0

new_line:  [ 1, 0, 1]: True, [ 1, 0, 0]: True, [ 0, 1, 0]: False, [ 0, 0, 0]: True, [ 1, 1, 0]: False, [ 0, 0, 1]: True, [ 0, 1, 1]: False

line: [1, 0, 1], 1, [1, 0, 0], 1, [1, 1, 1], 1, [1, 1, 0], 1, [0, 1, 0], 0, [0, 1, 1], 0, [0, 0, 1],0

new_line:  [ 1, 0, 1]: True, [ 1, 0, 0]: True, [ 1, 1, 1]: True, [ 1, 1, 0]: True, [ 0, 1, 0]: False, [ 0, 1, 1]: False, [ 0, 0, 1]: False

line: [0, 0, 1], 0, [1, 0, 1], 1, [1, 1, 0], 1, [1, 0, 0], 1, [0, 1, 1], 0, [1, 1, 1], 1, [0, 0, 0],0

new_line:  [ 0, 0, 1]: False, [ 1, 0, 1]: True, [ 1, 1, 0]: True, [ 1, 0, 0]: True, [ 0, 1, 1]: False, [ 1, 1, 1]: True, [ 0, 0, 0]: False

line: [0, 0, 1], 1, [1, 0, 0], 0, [0, 1, 1], 1, [0, 1, 0], 0, [1, 0, 1], 1, [1, 1, 1], 1, [1, 1, 0],0

new_line:  [ 0, 0, 1]: True, [ 1, 0, 0]: False, [ 0, 1, 1]: True, [ 0, 1, 0]: False, [ 1, 0, 1]: True, [ 1, 1, 1]: True, [ 1, 1, 0]: False

line: [1, 1, 1], 0, [1, 1, 0], 0, [0, 0, 0], 1, [0, 0, 1], 1, [0, 1, 0], 0, [1, 0, 0], 0, [1, 0, 1],0

new_line:  [ 1, 1, 1]: False, [ 1, 1, 0]: False, [ 0, 0, 0]: True, [ 0, 0, 1]: True, [ 0, 1, 0]: False, [ 1, 0, 0]: False, [ 1, 0, 1]: False

line: [1, 0, 0], 1, [1, 1, 1], 1, [1, 1, 0], 0, [0, 1, 0], 0, [1, 0, 1], 1, [0, 0, 1], 1, [0, 1, 1],1

new_line:  [ 1, 0, 0]: True, [ 1, 1, 1]: True, [ 1, 1, 0]: False, [ 0, 1, 0]: False, [ 1, 0, 1]: True, [ 0, 0, 1]: True, [ 0, 1, 1]: True

line: [1, 0, 0], 0, [0, 0, 1], 1, [0, 1, 1], 1, [0, 0, 0], 1, [1, 1, 0], 0, [0, 1, 0], 1, [1, 0, 1],0

new_line:  [ 1, 0, 0]: False, [ 0, 0, 1]: True, [ 0, 1, 1]: True, [ 0, 0, 0]: True, [ 1, 1, 0]: False, [ 0, 1, 0]: True, [ 1, 0, 1]: False

line: [1, 1, 0], 0, [1, 1, 1], 1, [0, 1, 0], 1, [1, 0, 1], 1, [0, 0, 0], 1, [1, 0, 0], 0, [0, 0, 1],1

new_line:  [ 1, 1, 0]: False, [ 1, 1, 1]: True, [ 0, 1, 0]: True, [ 1, 0, 1]: True, [ 0, 0, 0]: True, [ 1, 0, 0]: False, [ 0, 0, 1]: True

line: [1, 0, 0], 1, [1, 1, 0], 1, [1, 1, 1], 1, [1, 0, 1], 1, [0, 0, 0], 0, [0, 0, 1], 0, [0, 1, 1],0

new_line:  [ 1, 0, 0]: True, [ 1, 1, 0]: True, [ 1, 1, 1]: True, [ 1, 0, 1]: True, [ 0, 0, 0]: False, [ 0, 0, 1]: False, [ 0, 1, 1]: False

line: [0, 1, 0], 0, [0, 0, 1], 1, [0, 1, 1], 1, [1, 0, 0], 0, [1, 1, 1], 1, [1, 0, 1], 1, [1, 1, 0],0

new_line:  [ 0, 1, 0]: False, [ 0, 0, 1]: True, [ 0, 1, 1]: True, [ 1, 0, 0]: False, [ 1, 1, 1]: True, [ 1, 0, 1]: True, [ 1, 1, 0]: False

line: [1, 1, 1], 1, [1, 1, 0], 1, [0, 1, 1], 0, [1, 0, 0], 1, [1, 0, 1], 1, [0, 1, 0], 0, [0, 0, 1],0

new_line:  [ 1, 1, 1]: True, [ 1, 1, 0]: True, [ 0, 1, 1]: False, [ 1, 0, 0]: True, [ 1, 0, 1]: True, [ 0, 1, 0]: False, [ 0, 0, 1]: False

line: [0, 0, 1], 1, [0, 0, 0], 1, [1, 0, 1], 1, [1, 0, 0], 1, [1, 1, 0], 0, [0, 1, 1], 0, [1, 1, 1],0

new_line:  [ 0, 0, 1]: True, [ 0, 0, 0]: True, [ 1, 0, 1]: True, [ 1, 0, 0]: True, [ 1, 1, 0]: False, [ 0, 1, 1]: False, [ 1, 1, 1]: False

line: [1, 0, 0], 1, [0, 0, 0], 1, [0, 1, 0], 1, [1, 1, 1], 0, [1, 1, 0], 1, [0, 1, 1], 0, [1, 0, 1],0

new_line:  [ 1, 0, 0]: True, [ 0, 0, 0]: True, [ 0, 1, 0]: True, [ 1, 1, 1]: False, [ 1, 1, 0]: True, [ 0, 1, 1]: False, [ 1, 0, 1]: False

line: [0, 1, 0], 1, [1, 1, 1], 0, [0, 0, 0], 1, [0, 0, 1], 1, [1, 0, 0], 0, [0, 1, 1], 1, [1, 1, 0],0

new_line:  [ 0, 1, 0]: True, [ 1, 1, 1]: False, [ 0, 0, 0]: True, [ 0, 0, 1]: True, [ 1, 0, 0]: False, [ 0, 1, 1]: True, [ 1, 1, 0]: False

line: [0, 1, 1], 0, [0, 1, 0], 0, [0, 0, 1], 1, [0, 0, 0], 1, [1, 1, 0], 0, [1, 0, 1], 0, [1, 1, 1],0

new_line:  [ 0, 1, 1]: False, [ 0, 1, 0]: False, [ 0, 0, 1]: True, [ 0, 0, 0]: True, [ 1, 1, 0]: False, [ 1, 0, 1]: False, [ 1, 1, 1]: False

line: [0, 1, 0], 0, [0, 0, 1], 1, [0, 1, 1], 1, [1, 0, 1], 1, [1, 1, 1], 1, [1, 0, 0], 0, [0, 0, 0],0

new_line:  [ 0, 1, 0]: False, [ 0, 0, 1]: True, [ 0, 1, 1]: True, [ 1, 0, 1]: True, [ 1, 1, 1]: True, [ 1, 0, 0]: False, [ 0, 0, 0]: False

line: [1, 1, 0], 1, [1, 0, 1], 0, [0, 0, 0], 1, [1, 0, 0], 1, [0, 1, 0], 1, [0, 1, 1], 0, [1, 1, 1],0

new_line:  [ 1, 1, 0]: True, [ 1, 0, 1]: False, [ 0, 0, 0]: True, [ 1, 0, 0]: True, [ 0, 1, 0]: True, [ 0, 1, 1]: False, [ 1, 1, 1]: False

line: [1, 1, 1], 0, [0, 0, 1], 1, [0, 0, 0], 1, [1, 1, 0], 0, [1, 0, 0], 1, [1, 0, 1], 1, [0, 1, 0],1

new_line:  [ 1, 1, 1]: False, [ 0, 0, 1]: True, [ 0, 0, 0]: True, [ 1, 1, 0]: False, [ 1, 0, 0]: True, [ 1, 0, 1]: True, [ 0, 1, 0]: True

line: [0, 0, 0], 0, [1, 0, 1], 1, [1, 1, 1], 1, [0, 0, 1], 1, [0, 1, 1], 1, [1, 0, 0], 0, [1, 1, 0],0

new_line:  [ 0, 0, 0]: False, [ 1, 0, 1]: True, [ 1, 1, 1]: True, [ 0, 0, 1]: True, [ 0, 1, 1]: True, [ 1, 0, 0]: False, [ 1, 1, 0]: False

line: [1, 1, 0], 1, [1, 0, 0], 0, [1, 1, 1], 1, [0, 1, 1], 1, [0, 1, 0], 1, [1, 0, 1], 0, [0, 0, 1],0

new_line:  [ 1, 1, 0]: True, [ 1, 0, 0]: False, [ 1, 1, 1]: True, [ 0, 1, 1]: True, [ 0, 1, 0]: True, [ 1, 0, 1]: False, [ 0, 0, 1]: False

line: [1, 1, 1], 1, [0, 0, 1], 1, [0, 1, 1], 1, [1, 1, 0], 0, [0, 0, 0], 0, [1, 0, 1], 1, [1, 0, 0],0

new_line:  [ 1, 1, 1]: True, [ 0, 0, 1]: True, [ 0, 1, 1]: True, [ 1, 1, 0]: False, [ 0, 0, 0]: False, [ 1, 0, 1]: True, [ 1, 0, 0]: False

line: [1, 0, 1], 0, [0, 0, 0], 1, [0, 1, 0], 1, [1, 1, 1], 0, [0, 1, 1], 0, [1, 0, 0], 0, [0, 0, 1],0

new_line:  [ 1, 0, 1]: False, [ 0, 0, 0]: True, [ 0, 1, 0]: True, [ 1, 1, 1]: False, [ 0, 1, 1]: False, [ 1, 0, 0]: False, [ 0, 0, 1]: False

line: [0, 1, 1], 1, [1, 1, 1], 1, [1, 1, 0], 1, [0, 1, 0], 1, [1, 0, 1], 0, [1, 0, 0], 0, [0, 0, 0],0

new_line:  [ 0, 1, 1]: True, [ 1, 1, 1]: True, [ 1, 1, 0]: True, [ 0, 1, 0]: True, [ 1, 0, 1]: False, [ 1, 0, 0]: False, [ 0, 0, 0]: False

line: [1, 1, 1], 0, [1, 1, 0], 0, [0, 0, 1], 0, [0, 0, 0], 1, [0, 1, 1], 0, [0, 1, 0], 1, [1, 0, 0],0

new_line:  [ 1, 1, 1]: False, [ 1, 1, 0]: False, [ 0, 0, 1]: False, [ 0, 0, 0]: True, [ 0, 1, 1]: False, [ 0, 1, 0]: True, [ 1, 0, 0]: False

line: [1, 1, 1], 1, [0, 1, 1], 1, [0, 1, 0], 1, [0, 0, 0], 0, [1, 1, 0], 1, [1, 0, 0], 0, [0, 0, 1],0

new_line:  [ 1, 1, 1]: True, [ 0, 1, 1]: True, [ 0, 1, 0]: True, [ 0, 0, 0]: False, [ 1, 1, 0]: True, [ 1, 0, 0]: False, [ 0, 0, 1]: False

line: [0, 1, 1], 1, [1, 1, 1], 0, [1, 0, 0], 0, [0, 0, 0], 0, [0, 1, 0], 1, [1, 0, 1], 0, [0, 0, 1],0

new_line:  [ 0, 1, 1]: True, [ 1, 1, 1]: False, [ 1, 0, 0]: False, [ 0, 0, 0]: False, [ 0, 1, 0]: True, [ 1, 0, 1]: False, [ 0, 0, 1]: False

